#-----------------------------------------------------------
# Vivado v2018.2 (64-bit)
# SW Build 2258646 on Thu Jun 14 20:03:12 MDT 2018
# IP Build 2256618 on Thu Jun 14 22:10:49 MDT 2018
# Start of session at: Wed Dec 19 17:32:37 2018
# Process ID: 6556
# Current directory: C:/Users/Alex/Desktop/WSU_Sem_3/EE_214/Labs/Project11/proj11_task2
# Command line: vivado.exe -gui_launcher_event rodinguilauncherevent9124 C:\Users\Alex\Desktop\WSU_Sem_3\EE_214\Labs\Project11\proj11_task2\proj11_task2.xpr
# Log file: C:/Users/Alex/Desktop/WSU_Sem_3/EE_214/Labs/Project11/proj11_task2/vivado.log
# Journal file: C:/Users/Alex/Desktop/WSU_Sem_3/EE_214/Labs/Project11/proj11_task2\vivado.jou
#-----------------------------------------------------------
start_gui
open_project C:/Users/Alex/Desktop/WSU_Sem_3/EE_214/Labs/Project11/proj11_task2/proj11_task2.xpr
Scanning sources...
Finished scanning sources
INFO: [IP_Flow 19-234] Refreshing IP repositories
INFO: [IP_Flow 19-1704] No user IP repositories specified
INFO: [IP_Flow 19-2313] Loaded Vivado IP repository 'C:/Xilinx/Vivado/2018.2/data/ip'.
open_project: Time (s): cpu = 00:00:14 ; elapsed = 00:00:28 . Memory (MB): peak = 741.941 ; gain = 61.160
update_compile_order -fileset sources_1
exit
INFO: [Common 17-206] Exiting Vivado at Wed Dec 19 17:35:42 2018...
