#-----------------------------------------------------------
# Vivado v2018.2 (64-bit)
# SW Build 2258646 on Thu Jun 14 20:03:12 MDT 2018
# IP Build 2256618 on Thu Jun 14 22:10:49 MDT 2018
# Start of session at: Wed Dec  5 01:02:27 2018
# Process ID: 1244
# Current directory: C:/Users/Alex/Desktop/WSU_Sem_3/EE_214/Labs/Project11/proj11_task2
# Command line: vivado.exe -gui_launcher_event rodinguilauncherevent16580 C:\Users\Alex\Desktop\WSU_Sem_3\EE_214\Labs\Project11\proj11_task2\proj11_task2.xpr
# Log file: C:/Users/Alex/Desktop/WSU_Sem_3/EE_214/Labs/Project11/proj11_task2/vivado.log
# Journal file: C:/Users/Alex/Desktop/WSU_Sem_3/EE_214/Labs/Project11/proj11_task2\vivado.jou
#-----------------------------------------------------------
start_gui
open_project C:/Users/Alex/Desktop/WSU_Sem_3/EE_214/Labs/Project11/proj11_task2/proj11_task2.xpr
Scanning sources...
Finished scanning sources
INFO: [IP_Flow 19-234] Refreshing IP repositories
INFO: [IP_Flow 19-1704] No user IP repositories specified
INFO: [IP_Flow 19-2313] Loaded Vivado IP repository 'C:/Xilinx/Vivado/2018.2/data/ip'.
open_project: Time (s): cpu = 00:00:19 ; elapsed = 00:00:11 . Memory (MB): peak = 790.164 ; gain = 77.305
update_compile_order -fileset sources_1
exit
INFO: [Common 17-206] Exiting Vivado at Wed Dec  5 01:24:41 2018...
